2024-02-23 13:19:28,135 INFO o.a.j.u.JMeterUtils: Setting Locale to en_EN
2024-02-23 13:19:28,170 INFO o.a.j.JMeter: Loading user properties from: user.properties
2024-02-23 13:19:28,171 INFO o.a.j.JMeter: Loading system properties from: system.properties
2024-02-23 13:19:28,184 INFO o.a.j.JMeter: Copyright (c) 1998-2024 The Apache Software Foundation
2024-02-23 13:19:28,185 INFO o.a.j.JMeter: Version 5.6.3
2024-02-23 13:19:28,185 INFO o.a.j.JMeter: java.version=21.0.1
2024-02-23 13:19:28,185 INFO o.a.j.JMeter: java.vm.name=Java HotSpot(TM) 64-Bit Server VM
2024-02-23 13:19:28,185 INFO o.a.j.JMeter: os.name=Windows 11
2024-02-23 13:19:28,185 INFO o.a.j.JMeter: os.arch=amd64
2024-02-23 13:19:28,185 INFO o.a.j.JMeter: os.version=10.0
2024-02-23 13:19:28,185 INFO o.a.j.JMeter: file.encoding=UTF-8
2024-02-23 13:19:28,185 INFO o.a.j.JMeter: java.awt.headless=null
2024-02-23 13:19:28,185 INFO o.a.j.JMeter: Max memory     =1073741824
2024-02-23 13:19:28,185 INFO o.a.j.JMeter: Available Processors =12
2024-02-23 13:19:28,204 INFO o.a.j.JMeter: Default Locale=English (EN)
2024-02-23 13:19:28,204 INFO o.a.j.JMeter: JMeter  Locale=English (EN)
2024-02-23 13:19:28,204 INFO o.a.j.JMeter: JMeterHome=C:\Users\gjdnd\Desktop\QA\Jmeter 공부\apache-jmeter-5.6.3
2024-02-23 13:19:28,204 INFO o.a.j.JMeter: user.dir  =C:\Users\gjdnd\Desktop\QA\Jmeter 공부\apache-jmeter-5.6.3\bin
2024-02-23 13:19:28,205 INFO o.a.j.JMeter: PWD       =C:\Users\gjdnd\Desktop\QA\Jmeter 공부\apache-jmeter-5.6.3\bin
2024-02-23 13:19:28,209 INFO o.a.j.JMeter: IP: 10.200.128.105 Name: woong FullName: 10.200.128.105
2024-02-23 13:19:28,253 INFO o.a.j.JMeter: Loaded icon properties from org/apache/jmeter/images/icon.properties
2024-02-23 13:19:28,552 INFO o.a.j.JMeterGuiLauncher: Setting LAF to: com.github.weisj.darklaf.DarkLaf:com.github.weisj.darklaf.theme.DarculaTheme
2024-02-23 13:19:30,022 INFO o.a.j.r.ClassFinder: Will scan jar C:\Users\gjdnd\Desktop\QA\Jmeter 공부\apache-jmeter-5.6.3\lib\ext\jmeter-plugins-manager-1.10.jar with filter ExtendsClassFilter [parents=[interface org.apache.jmeter.gui.action.Command], inner=false, contains=null, notContains=null]. Consider exposing JMeter plugins via META-INF/services, and add JMeter-Skip-Class-Scanning=true manifest attribute so JMeter can skip classfile scanning
2024-02-23 13:19:30,148 INFO o.a.j.r.ClassFinder: Will scan jar C:\Users\gjdnd\Desktop\QA\Jmeter 공부\apache-jmeter-5.6.3\lib\ext\jmeter-plugins-cmn-jmeter-0.7.jar with filter ExtendsClassFilter [parents=[interface org.apache.jmeter.gui.action.Command], inner=false, contains=null, notContains=null]. Consider exposing JMeter plugins via META-INF/services, and add JMeter-Skip-Class-Scanning=true manifest attribute so JMeter can skip classfile scanning
2024-02-23 13:19:30,171 INFO o.a.j.r.ClassFinder: Will scan jar C:\Users\gjdnd\Desktop\QA\Jmeter 공부\apache-jmeter-5.6.3\lib\ext\cmdrunner-2.3.jar with filter ExtendsClassFilter [parents=[interface org.apache.jmeter.gui.action.Command], inner=false, contains=null, notContains=null]. Consider exposing JMeter plugins via META-INF/services, and add JMeter-Skip-Class-Scanning=true manifest attribute so JMeter can skip classfile scanning
2024-02-23 13:19:30,173 INFO o.a.j.r.ClassFinder: Will scan jar C:\Users\gjdnd\Desktop\QA\Jmeter 공부\apache-jmeter-5.6.3\lib\ext\json-lib-2.4-jdk15.jar with filter ExtendsClassFilter [parents=[interface org.apache.jmeter.gui.action.Command], inner=false, contains=null, notContains=null]. Consider exposing JMeter plugins via META-INF/services, and add JMeter-Skip-Class-Scanning=true manifest attribute so JMeter can skip classfile scanning
2024-02-23 13:19:30,174 INFO o.a.j.r.ClassFinder: Will scan jar C:\Users\gjdnd\Desktop\QA\Jmeter 공부\apache-jmeter-5.6.3\lib\ext\jmeter-plugins-lockfile-0.1.jar with filter ExtendsClassFilter [parents=[interface org.apache.jmeter.gui.action.Command], inner=false, contains=null, notContains=null]. Consider exposing JMeter plugins via META-INF/services, and add JMeter-Skip-Class-Scanning=true manifest attribute so JMeter can skip classfile scanning
2024-02-23 13:19:30,260 INFO o.a.j.r.ClassFinder: Will scan jar C:\Users\gjdnd\Desktop\QA\Jmeter 공부\apache-jmeter-5.6.3\lib\ext\jmeter-plugins-manager-1.10.jar with filter ExtendsClassFilter [parents=[interface org.apache.jmeter.gui.plugin.MenuCreator], inner=false, contains=null, notContains=null]. Consider exposing JMeter plugins via META-INF/services, and add JMeter-Skip-Class-Scanning=true manifest attribute so JMeter can skip classfile scanning
2024-02-23 13:19:30,264 INFO o.a.j.r.ClassFinder: Will scan jar C:\Users\gjdnd\Desktop\QA\Jmeter 공부\apache-jmeter-5.6.3\lib\ext\jmeter-plugins-cmn-jmeter-0.7.jar with filter ExtendsClassFilter [parents=[interface org.apache.jmeter.gui.plugin.MenuCreator], inner=false, contains=null, notContains=null]. Consider exposing JMeter plugins via META-INF/services, and add JMeter-Skip-Class-Scanning=true manifest attribute so JMeter can skip classfile scanning
2024-02-23 13:19:30,266 INFO o.a.j.r.ClassFinder: Will scan jar C:\Users\gjdnd\Desktop\QA\Jmeter 공부\apache-jmeter-5.6.3\lib\ext\cmdrunner-2.3.jar with filter ExtendsClassFilter [parents=[interface org.apache.jmeter.gui.plugin.MenuCreator], inner=false, contains=null, notContains=null]. Consider exposing JMeter plugins via META-INF/services, and add JMeter-Skip-Class-Scanning=true manifest attribute so JMeter can skip classfile scanning
2024-02-23 13:19:30,267 INFO o.a.j.r.ClassFinder: Will scan jar C:\Users\gjdnd\Desktop\QA\Jmeter 공부\apache-jmeter-5.6.3\lib\ext\json-lib-2.4-jdk15.jar with filter ExtendsClassFilter [parents=[interface org.apache.jmeter.gui.plugin.MenuCreator], inner=false, contains=null, notContains=null]. Consider exposing JMeter plugins via META-INF/services, and add JMeter-Skip-Class-Scanning=true manifest attribute so JMeter can skip classfile scanning
2024-02-23 13:19:30,268 INFO o.a.j.r.ClassFinder: Will scan jar C:\Users\gjdnd\Desktop\QA\Jmeter 공부\apache-jmeter-5.6.3\lib\ext\jmeter-plugins-lockfile-0.1.jar with filter ExtendsClassFilter [parents=[interface org.apache.jmeter.gui.plugin.MenuCreator], inner=false, contains=null, notContains=null]. Consider exposing JMeter plugins via META-INF/services, and add JMeter-Skip-Class-Scanning=true manifest attribute so JMeter can skip classfile scanning
2024-02-23 13:19:30,450 INFO o.j.r.JARSourceHTTP: Found cached repo
2024-02-23 13:19:30,769 INFO o.j.r.PluginManager: Plugins Status: [jpgc-lockfile=0.1, jpgc-plugins-manager=1.10, jmeter-core=5.6.3, jmeter-ftp=5.6.3, jmeter-http=5.6.3, jmeter-jdbc=5.6.3, jmeter-jms=5.6.3, jmeter-junit=5.6.3, jmeter-java=5.6.3, jmeter-ldap=5.6.3, jmeter-mail=5.6.3, jmeter-mongodb=5.6.3, jmeter-native=5.6.3, jmeter-tcp=5.6.3, jmeter-components=5.6.3]
2024-02-23 13:19:42,550 INFO o.a.j.s.FileServer: Default base='C:\Users\gjdnd\Desktop\QA\Jmeter 공부\apache-jmeter-5.6.3\bin'
2024-02-23 13:19:42,554 INFO o.a.j.g.a.Load: Loading file: C:\Users\gjdnd\Downloads\Performance Test Portfolio.jmx
2024-02-23 13:19:42,554 INFO o.a.j.s.FileServer: Set new base='C:\Users\gjdnd\Downloads'
2024-02-23 13:19:42,777 INFO o.a.j.s.SaveService: Testplan (JMX) version: 2.2. Testlog (JTL) version: 2.2
2024-02-23 13:19:42,788 INFO o.a.j.s.SaveService: Using SaveService properties version 5.0
2024-02-23 13:19:42,790 INFO o.a.j.s.SaveService: Using SaveService properties file encoding UTF-8
2024-02-23 13:19:42,792 INFO o.a.j.s.SaveService: Loading file: C:\Users\gjdnd\Downloads\Performance Test Portfolio.jmx
2024-02-23 13:19:42,917 INFO o.a.j.p.h.c.CookieManager: Settings: Delete null: true Check: true Allow variable: true Save: false Prefix: COOKIE_
2024-02-23 13:19:42,920 INFO o.a.j.p.h.c.CacheManager: Will only cache the following methods: [GET]
2024-02-23 13:19:42,930 INFO o.a.j.p.h.s.HTTPSamplerBase: Parser for text/html is org.apache.jmeter.protocol.http.parser.LagartoBasedHtmlParser
2024-02-23 13:19:42,931 INFO o.a.j.p.h.s.HTTPSamplerBase: Parser for application/xhtml+xml is org.apache.jmeter.protocol.http.parser.LagartoBasedHtmlParser
2024-02-23 13:19:42,931 INFO o.a.j.p.h.s.HTTPSamplerBase: Parser for application/xml is org.apache.jmeter.protocol.http.parser.LagartoBasedHtmlParser
2024-02-23 13:19:42,931 INFO o.a.j.p.h.s.HTTPSamplerBase: Parser for text/xml is org.apache.jmeter.protocol.http.parser.LagartoBasedHtmlParser
2024-02-23 13:19:42,931 INFO o.a.j.p.h.s.HTTPSamplerBase: Parser for text/vnd.wap.wml is org.apache.jmeter.protocol.http.parser.RegexpHTMLParser
2024-02-23 13:19:42,931 INFO o.a.j.p.h.s.HTTPSamplerBase: Parser for text/css is org.apache.jmeter.protocol.http.parser.CssParser
2024-02-23 13:19:43,464 INFO o.a.j.s.SampleResult: Note: Sample TimeStamps are START times
2024-02-23 13:19:43,465 INFO o.a.j.s.SampleResult: sampleresult.default.encoding is set to UTF-8
2024-02-23 13:19:43,465 INFO o.a.j.s.SampleResult: sampleresult.useNanoTime=true
2024-02-23 13:19:43,465 INFO o.a.j.s.SampleResult: sampleresult.nanoThreadSleep=5000
2024-02-23 13:19:43,565 INFO o.a.j.r.ClassFinder: Will scan jar C:\Users\gjdnd\Desktop\QA\Jmeter 공부\apache-jmeter-5.6.3\lib\ext\jmeter-plugins-manager-1.10.jar with filter ExtendsClassFilter [parents=[interface org.apache.jmeter.visualizers.ResultRenderer], inner=false, contains=null, notContains=null]. Consider exposing JMeter plugins via META-INF/services, and add JMeter-Skip-Class-Scanning=true manifest attribute so JMeter can skip classfile scanning
2024-02-23 13:19:43,569 INFO o.a.j.r.ClassFinder: Will scan jar C:\Users\gjdnd\Desktop\QA\Jmeter 공부\apache-jmeter-5.6.3\lib\ext\jmeter-plugins-cmn-jmeter-0.7.jar with filter ExtendsClassFilter [parents=[interface org.apache.jmeter.visualizers.ResultRenderer], inner=false, contains=null, notContains=null]. Consider exposing JMeter plugins via META-INF/services, and add JMeter-Skip-Class-Scanning=true manifest attribute so JMeter can skip classfile scanning
2024-02-23 13:19:43,570 INFO o.a.j.r.ClassFinder: Will scan jar C:\Users\gjdnd\Desktop\QA\Jmeter 공부\apache-jmeter-5.6.3\lib\ext\cmdrunner-2.3.jar with filter ExtendsClassFilter [parents=[interface org.apache.jmeter.visualizers.ResultRenderer], inner=false, contains=null, notContains=null]. Consider exposing JMeter plugins via META-INF/services, and add JMeter-Skip-Class-Scanning=true manifest attribute so JMeter can skip classfile scanning
2024-02-23 13:19:43,570 INFO o.a.j.r.ClassFinder: Will scan jar C:\Users\gjdnd\Desktop\QA\Jmeter 공부\apache-jmeter-5.6.3\lib\ext\json-lib-2.4-jdk15.jar with filter ExtendsClassFilter [parents=[interface org.apache.jmeter.visualizers.ResultRenderer], inner=false, contains=null, notContains=null]. Consider exposing JMeter plugins via META-INF/services, and add JMeter-Skip-Class-Scanning=true manifest attribute so JMeter can skip classfile scanning
2024-02-23 13:19:43,571 INFO o.a.j.r.ClassFinder: Will scan jar C:\Users\gjdnd\Desktop\QA\Jmeter 공부\apache-jmeter-5.6.3\lib\ext\jmeter-plugins-lockfile-0.1.jar with filter ExtendsClassFilter [parents=[interface org.apache.jmeter.visualizers.ResultRenderer], inner=false, contains=null, notContains=null]. Consider exposing JMeter plugins via META-INF/services, and add JMeter-Skip-Class-Scanning=true manifest attribute so JMeter can skip classfile scanning
2024-02-23 13:19:43,598 INFO o.a.j.r.ClassFinder: Will scan jar C:\Users\gjdnd\Desktop\QA\Jmeter 공부\apache-jmeter-5.6.3\lib\ext\jmeter-plugins-manager-1.10.jar with filter ExtendsClassFilter [parents=[interface org.apache.jmeter.visualizers.RequestView], inner=false, contains=null, notContains=null]. Consider exposing JMeter plugins via META-INF/services, and add JMeter-Skip-Class-Scanning=true manifest attribute so JMeter can skip classfile scanning
2024-02-23 13:19:43,601 INFO o.a.j.r.ClassFinder: Will scan jar C:\Users\gjdnd\Desktop\QA\Jmeter 공부\apache-jmeter-5.6.3\lib\ext\jmeter-plugins-cmn-jmeter-0.7.jar with filter ExtendsClassFilter [parents=[interface org.apache.jmeter.visualizers.RequestView], inner=false, contains=null, notContains=null]. Consider exposing JMeter plugins via META-INF/services, and add JMeter-Skip-Class-Scanning=true manifest attribute so JMeter can skip classfile scanning
2024-02-23 13:19:43,602 INFO o.a.j.r.ClassFinder: Will scan jar C:\Users\gjdnd\Desktop\QA\Jmeter 공부\apache-jmeter-5.6.3\lib\ext\cmdrunner-2.3.jar with filter ExtendsClassFilter [parents=[interface org.apache.jmeter.visualizers.RequestView], inner=false, contains=null, notContains=null]. Consider exposing JMeter plugins via META-INF/services, and add JMeter-Skip-Class-Scanning=true manifest attribute so JMeter can skip classfile scanning
2024-02-23 13:19:43,602 INFO o.a.j.r.ClassFinder: Will scan jar C:\Users\gjdnd\Desktop\QA\Jmeter 공부\apache-jmeter-5.6.3\lib\ext\json-lib-2.4-jdk15.jar with filter ExtendsClassFilter [parents=[interface org.apache.jmeter.visualizers.RequestView], inner=false, contains=null, notContains=null]. Consider exposing JMeter plugins via META-INF/services, and add JMeter-Skip-Class-Scanning=true manifest attribute so JMeter can skip classfile scanning
2024-02-23 13:19:43,604 INFO o.a.j.r.ClassFinder: Will scan jar C:\Users\gjdnd\Desktop\QA\Jmeter 공부\apache-jmeter-5.6.3\lib\ext\jmeter-plugins-lockfile-0.1.jar with filter ExtendsClassFilter [parents=[interface org.apache.jmeter.visualizers.RequestView], inner=false, contains=null, notContains=null]. Consider exposing JMeter plugins via META-INF/services, and add JMeter-Skip-Class-Scanning=true manifest attribute so JMeter can skip classfile scanning
2024-02-23 13:19:43,733 INFO o.a.j.s.FileServer: Set new base='C:\Users\gjdnd\Downloads'
